{"id":1,"firstName":"Ilkka","lastName":"Salmenius","email":"ilkka.salmenius@iki.fi","phone":null,"role":0,"level":"info","message":"","timestamp":"2020-04-25T08:40:31.195Z"}
{"level":"info","message":"SELECT COUNT(*) as RowCount FROM Problem","timestamp":"2020-04-25T08:40:31.296Z"}
{"level":"info","message":"SELECT COUNT(*) as RowCount FROM Problem","timestamp":"2020-04-25T08:40:31.300Z"}
{"level":"info","message":"SELECT Problem.Id, Problem.Date, CONCAT(User.FirstName, \" \", User.LastName) AS UserName, Problem.LicenseNumber, Problem.Brand, Problem.Model, Problem.ModelYear, Problem.Fuel, Problem.Title, Problem.Description, Problem.Status FROM Problem, User WHERE Problem.UserId = User.Id AND Problem.Status = 0 ORDER BY Problem.Id LIMIT 10","timestamp":"2020-04-25T08:40:31.306Z"}
{"level":"info","message":"SELECT COUNT(*) as RowCount FROM Notice","timestamp":"2020-04-25T08:40:31.310Z"}
{"level":"info","message":"SELECT Problem.Id, Problem.Date, CONCAT(User.FirstName, \" \", User.LastName) AS UserName, Problem.LicenseNumber, Problem.Brand, Problem.Model, Problem.ModelYear, Problem.Fuel, Problem.Title, Problem.Description, Problem.Status FROM Problem, User WHERE Problem.UserId = User.Id AND Problem.Status = 1 ORDER BY Problem.Id LIMIT 10","timestamp":"2020-04-25T08:40:31.312Z"}
{"level":"info","message":"SELECT Notice.Id, Notice.Date, CONCAT(User.FirstName, \" \", User.LastName) AS UserName, Notice.Title, Notice.Message FROM Notice, User WHERE Notice.UserId = User.Id ORDER BY Notice.Id LIMIT 10","timestamp":"2020-04-25T08:40:31.319Z"}
{"id":1,"firstName":"Ilkka","lastName":"Salmenius","email":"ilkka.salmenius@iki.fi","phone":null,"role":0,"level":"info","message":"","timestamp":"2020-04-25T09:02:20.883Z"}
{"level":"info","message":"SELECT COUNT(*) as RowCount FROM Problem","timestamp":"2020-04-25T09:02:20.987Z"}
{"level":"info","message":"SELECT COUNT(*) as RowCount FROM Problem","timestamp":"2020-04-25T09:02:20.989Z"}
{"level":"info","message":"SELECT COUNT(*) as RowCount FROM Notice","timestamp":"2020-04-25T09:02:20.992Z"}
{"level":"info","message":"SELECT Problem.Id, Problem.Date, CONCAT(User.FirstName, \" \", User.LastName) AS UserName, Problem.LicenseNumber, Problem.Brand, Problem.Model, Problem.ModelYear, Problem.Fuel, Problem.Title, Problem.Description, Problem.Status FROM Problem, User WHERE Problem.UserId = User.Id AND Problem.Status = 0 ORDER BY Problem.Id LIMIT 10","timestamp":"2020-04-25T09:02:20.993Z"}
{"level":"info","message":"SELECT Problem.Id, Problem.Date, CONCAT(User.FirstName, \" \", User.LastName) AS UserName, Problem.LicenseNumber, Problem.Brand, Problem.Model, Problem.ModelYear, Problem.Fuel, Problem.Title, Problem.Description, Problem.Status FROM Problem, User WHERE Problem.UserId = User.Id AND Problem.Status = 1 ORDER BY Problem.Id LIMIT 10","timestamp":"2020-04-25T09:02:20.997Z"}
{"level":"info","message":"SELECT Notice.Id, Notice.Date, CONCAT(User.FirstName, \" \", User.LastName) AS UserName, Notice.Title, Notice.Message FROM Notice, User WHERE Notice.UserId = User.Id ORDER BY Notice.Id LIMIT 10","timestamp":"2020-04-25T09:02:20.999Z"}
{"level":"info","message":"SELECT COUNT(*) as RowCount FROM Problem","timestamp":"2020-04-25T09:02:28.737Z"}
{"level":"info","message":"SELECT COUNT(*) as RowCount FROM Notice","timestamp":"2020-04-25T09:02:28.740Z"}
{"level":"info","message":"SELECT Problem.Id, Problem.Date, CONCAT(User.FirstName, \" \", User.LastName) AS UserName, Problem.LicenseNumber, Problem.Brand, Problem.Model, Problem.ModelYear, Problem.Fuel, Problem.Title, Problem.Description, Problem.Status FROM Problem, User WHERE Problem.UserId = User.Id AND Problem.Status = 0 ORDER BY Problem.Id LIMIT 10","timestamp":"2020-04-25T09:02:28.742Z"}
{"level":"info","message":"SELECT COUNT(*) as RowCount FROM Problem","timestamp":"2020-04-25T09:02:28.744Z"}
{"level":"info","message":"SELECT Notice.Id, Notice.Date, CONCAT(User.FirstName, \" \", User.LastName) AS UserName, Notice.Title, Notice.Message FROM Notice, User WHERE Notice.UserId = User.Id ORDER BY Notice.Id LIMIT 10","timestamp":"2020-04-25T09:02:28.746Z"}
{"level":"info","message":"SELECT Problem.Id, Problem.Date, CONCAT(User.FirstName, \" \", User.LastName) AS UserName, Problem.LicenseNumber, Problem.Brand, Problem.Model, Problem.ModelYear, Problem.Fuel, Problem.Title, Problem.Description, Problem.Status FROM Problem, User WHERE Problem.UserId = User.Id AND Problem.Status = 1 ORDER BY Problem.Id LIMIT 10","timestamp":"2020-04-25T09:02:28.752Z"}
{"level":"info","message":"SELECT COUNT(*) as RowCount FROM Problem","timestamp":"2020-04-25T09:29:40.675Z"}
{"level":"info","message":"SELECT COUNT(*) as RowCount FROM Problem","timestamp":"2020-04-25T09:29:40.682Z"}
{"level":"info","message":"SELECT COUNT(*) as RowCount FROM Notice","timestamp":"2020-04-25T09:29:40.685Z"}
{"level":"info","message":"SELECT Problem.Id, Problem.Date, CONCAT(User.FirstName, \" \", User.LastName) AS UserName, Problem.LicenseNumber, Problem.Brand, Problem.Model, Problem.ModelYear, Problem.Fuel, Problem.Title, Problem.Description, Problem.Status FROM Problem, User WHERE Problem.UserId = User.Id AND Problem.Status = 0 ORDER BY Problem.Id LIMIT 10","timestamp":"2020-04-25T09:29:40.691Z"}
{"level":"info","message":"SELECT Problem.Id, Problem.Date, CONCAT(User.FirstName, \" \", User.LastName) AS UserName, Problem.LicenseNumber, Problem.Brand, Problem.Model, Problem.ModelYear, Problem.Fuel, Problem.Title, Problem.Description, Problem.Status FROM Problem, User WHERE Problem.UserId = User.Id AND Problem.Status = 1 ORDER BY Problem.Id LIMIT 10","timestamp":"2020-04-25T09:29:40.694Z"}
{"level":"info","message":"SELECT Notice.Id, Notice.Date, CONCAT(User.FirstName, \" \", User.LastName) AS UserName, Notice.Title, Notice.Message FROM Notice, User WHERE Notice.UserId = User.Id ORDER BY Notice.Id LIMIT 10","timestamp":"2020-04-25T09:29:40.699Z"}
{"id":1,"firstName":"Ilkka","lastName":"Salmenius","email":"ilkka.salmenius@iki.fi","phone":null,"role":0,"level":"info","message":"","timestamp":"2020-04-25T09:29:46.134Z"}
{"level":"info","message":"SELECT COUNT(*) as RowCount FROM Problem","timestamp":"2020-04-25T09:29:46.199Z"}
{"level":"info","message":"SELECT COUNT(*) as RowCount FROM Problem","timestamp":"2020-04-25T09:29:46.202Z"}
{"level":"info","message":"SELECT COUNT(*) as RowCount FROM Notice","timestamp":"2020-04-25T09:29:46.204Z"}
{"level":"info","message":"SELECT Problem.Id, Problem.Date, CONCAT(User.FirstName, \" \", User.LastName) AS UserName, Problem.LicenseNumber, Problem.Brand, Problem.Model, Problem.ModelYear, Problem.Fuel, Problem.Title, Problem.Description, Problem.Status FROM Problem, User WHERE Problem.UserId = User.Id AND Problem.Status = 0 ORDER BY Problem.Id LIMIT 10","timestamp":"2020-04-25T09:29:46.206Z"}
{"level":"info","message":"SELECT Problem.Id, Problem.Date, CONCAT(User.FirstName, \" \", User.LastName) AS UserName, Problem.LicenseNumber, Problem.Brand, Problem.Model, Problem.ModelYear, Problem.Fuel, Problem.Title, Problem.Description, Problem.Status FROM Problem, User WHERE Problem.UserId = User.Id AND Problem.Status = 1 ORDER BY Problem.Id LIMIT 10","timestamp":"2020-04-25T09:29:46.208Z"}
{"level":"info","message":"SELECT Notice.Id, Notice.Date, CONCAT(User.FirstName, \" \", User.LastName) AS UserName, Notice.Title, Notice.Message FROM Notice, User WHERE Notice.UserId = User.Id ORDER BY Notice.Id LIMIT 10","timestamp":"2020-04-25T09:29:46.210Z"}
{"level":"info","message":"SELECT COUNT(*) as RowCount FROM Problem","timestamp":"2020-04-25T09:52:30.472Z"}
{"level":"info","message":"SELECT COUNT(*) as RowCount FROM Problem","timestamp":"2020-04-25T09:52:30.477Z"}
{"level":"info","message":"SELECT COUNT(*) as RowCount FROM Notice","timestamp":"2020-04-25T09:52:30.479Z"}
{"level":"info","message":"SELECT Problem.Id, Problem.Date, CONCAT(User.FirstName, \" \", User.LastName) AS UserName, Problem.LicenseNumber, Problem.Brand, Problem.Model, Problem.ModelYear, Problem.Fuel, Problem.Title, Problem.Description, Problem.Status FROM Problem, User WHERE Problem.UserId = User.Id AND Problem.Status = 0 ORDER BY Problem.Id LIMIT 10","timestamp":"2020-04-25T09:52:30.486Z"}
{"level":"info","message":"SELECT Problem.Id, Problem.Date, CONCAT(User.FirstName, \" \", User.LastName) AS UserName, Problem.LicenseNumber, Problem.Brand, Problem.Model, Problem.ModelYear, Problem.Fuel, Problem.Title, Problem.Description, Problem.Status FROM Problem, User WHERE Problem.UserId = User.Id AND Problem.Status = 1 ORDER BY Problem.Id LIMIT 10","timestamp":"2020-04-25T09:52:30.489Z"}
{"level":"info","message":"SELECT Notice.Id, Notice.Date, CONCAT(User.FirstName, \" \", User.LastName) AS UserName, Notice.Title, Notice.Message FROM Notice, User WHERE Notice.UserId = User.Id ORDER BY Notice.Id LIMIT 10","timestamp":"2020-04-25T09:52:30.494Z"}
{"id":1,"firstName":"Ilkka","lastName":"Salmenius","email":"ilkka.salmenius@iki.fi","phone":null,"role":0,"level":"info","message":"","timestamp":"2020-04-25T09:52:35.531Z"}
{"level":"info","message":"SELECT COUNT(*) as RowCount FROM Problem","timestamp":"2020-04-25T09:52:35.595Z"}
{"level":"info","message":"SELECT COUNT(*) as RowCount FROM Problem","timestamp":"2020-04-25T09:52:35.599Z"}
{"level":"info","message":"SELECT COUNT(*) as RowCount FROM Notice","timestamp":"2020-04-25T09:52:35.601Z"}
{"level":"info","message":"SELECT Problem.Id, Problem.Date, CONCAT(User.FirstName, \" \", User.LastName) AS UserName, Problem.LicenseNumber, Problem.Brand, Problem.Model, Problem.ModelYear, Problem.Fuel, Problem.Title, Problem.Description, Problem.Status FROM Problem, User WHERE Problem.UserId = User.Id AND Problem.Status = 0 ORDER BY Problem.Id LIMIT 10","timestamp":"2020-04-25T09:52:35.602Z"}
{"level":"info","message":"SELECT Problem.Id, Problem.Date, CONCAT(User.FirstName, \" \", User.LastName) AS UserName, Problem.LicenseNumber, Problem.Brand, Problem.Model, Problem.ModelYear, Problem.Fuel, Problem.Title, Problem.Description, Problem.Status FROM Problem, User WHERE Problem.UserId = User.Id AND Problem.Status = 1 ORDER BY Problem.Id LIMIT 10","timestamp":"2020-04-25T09:52:35.605Z"}
{"level":"info","message":"SELECT Notice.Id, Notice.Date, CONCAT(User.FirstName, \" \", User.LastName) AS UserName, Notice.Title, Notice.Message FROM Notice, User WHERE Notice.UserId = User.Id ORDER BY Notice.Id LIMIT 10","timestamp":"2020-04-25T09:52:35.608Z"}
{"id":1,"firstName":"Ilkka","lastName":"Salmenius","email":"ilkka.salmenius@iki.fi","phone":null,"role":0,"level":"info","message":"","timestamp":"2020-04-25T10:14:27.578Z"}
{"level":"info","message":"SELECT COUNT(*) as RowCount FROM Problem","timestamp":"2020-04-25T10:14:27.683Z"}
{"level":"info","message":"SELECT COUNT(*) as RowCount FROM Problem","timestamp":"2020-04-25T10:14:27.686Z"}
{"level":"info","message":"SELECT COUNT(*) as RowCount FROM Notice","timestamp":"2020-04-25T10:14:27.688Z"}
{"level":"info","message":"SELECT Problem.Id, Problem.Date, CONCAT(User.FirstName, \" \", User.LastName) AS UserName, Problem.LicenseNumber, Problem.Brand, Problem.Model, Problem.ModelYear, Problem.Fuel, Problem.Title, Problem.Description, Problem.Status FROM Problem, User WHERE Problem.UserId = User.Id AND Problem.Status = 0 ORDER BY Problem.Id LIMIT 10","timestamp":"2020-04-25T10:14:27.690Z"}
{"level":"info","message":"SELECT Problem.Id, Problem.Date, CONCAT(User.FirstName, \" \", User.LastName) AS UserName, Problem.LicenseNumber, Problem.Brand, Problem.Model, Problem.ModelYear, Problem.Fuel, Problem.Title, Problem.Description, Problem.Status FROM Problem, User WHERE Problem.UserId = User.Id AND Problem.Status = 1 ORDER BY Problem.Id LIMIT 10","timestamp":"2020-04-25T10:14:27.692Z"}
{"level":"info","message":"SELECT Notice.Id, Notice.Date, CONCAT(User.FirstName, \" \", User.LastName) AS UserName, Notice.Title, Notice.Message FROM Notice, User WHERE Notice.UserId = User.Id ORDER BY Notice.Id LIMIT 10","timestamp":"2020-04-25T10:14:27.695Z"}
{"level":"info","message":"SELECT COUNT(*) as RowCount FROM Notice","timestamp":"2020-04-25T10:14:29.969Z"}
{"level":"info","message":"SELECT Notice.Id, Notice.Date, CONCAT(User.FirstName, \" \", User.LastName) AS UserName, Notice.Title, Notice.Message FROM Notice, User WHERE Notice.UserId = User.Id ORDER BY Notice.Id LIMIT 10","timestamp":"2020-04-25T10:14:29.971Z"}
{"level":"info","message":"SELECT COUNT(*) as RowCount FROM UserGroup","timestamp":"2020-04-25T10:14:32.185Z"}
{"level":"info","message":"SELECT Id, Name, Address, PostalCode, PostOffice, Country, Phone, Email, Website, Logo, Info, Enabled FROM UserGroup ORDER BY Id LIMIT 10","timestamp":"2020-04-25T10:14:32.189Z"}
{"level":"info","message":"SELECT COUNT(*) as RowCount FROM User","timestamp":"2020-04-25T10:14:34.820Z"}
{"level":"info","message":"SELECT User.Id, User.GroupId, User.Username, User.Password, UserGroup.Name AS GroupName, User.Role, User.FirstName, User.LastName, User.Title, User.Address, User.PostalCode, User.PostOffice, User.Country, User.Phone, User.Email, User.Website, User.Info, User.LicenseBegin, User.LicenseEnd, User.Enabled FROM User, UserGroup WHERE User.GroupId = UserGroup.Id ORDER BY User.Id LIMIT 10","timestamp":"2020-04-25T10:14:34.823Z"}
